notification_banner/build/outputs/logs/manifest-merger-release-report.txt
-- Merging decision tree log ---
manifest
ADDED from AndroidApplication\notification_banner\AndroidManifest.xml:20:1-24:12
INJECTED from AndroidApplication\notification_banner\AndroidManifest.xml:20:1-24:12
INJECTED from AndroidApplication\notification_banner\AndroidManifest.xml:20:1-24:12
INJECTED from AndroidApplication\notification_banner\AndroidManifest.xml:20:1-24:12
INJECTED from AndroidApplication\notification_banner\AndroidManifest.xml:20:1-24:12
INJECTED from AndroidApplication\notification_banner\AndroidManifest.xml:20:1-24:12
INJECTED from AndroidApplication\notification_banner\AndroidManifest.xml:20:1-24:12
	package
		ADDED from AndroidApplication\notification_banner\AndroidManifest.xml:22:5-33
		INJECTED from AndroidApplication\notification_banner\AndroidManifest.xml
		INJECTED from AndroidApplication\notification_banner\AndroidManifest.xml
	android:versionName
		INJECTED from AndroidApplication\notification_banner\AndroidManifest.xml
		ADDED from AndroidApplication\notification_banner\AndroidManifest.xml:20:1-24:12
		INJECTED from AndroidApplication\notification_banner\AndroidManifest.xml
	android:versionCode
		INJECTED from AndroidApplication\notification_banner\AndroidManifest.xml
		ADDED from AndroidApplication\notification_banner\AndroidManifest.xml:20:1-24:12
		INJECTED from AndroidApplication\notification_banner\AndroidManifest.xml
	xmlns:android
		ADDED from AndroidApplication\notification_banner\AndroidManifest.xml:21:5-63
application
ADDED from AndroidApplication\notification_banner\AndroidManifest.xml:23:3-18
uses-sdk
INJECTED from AndroidApplication\notification_banner\AndroidManifest.xml reason: use-sdk injection requested
INJECTED from AndroidApplication\notification_banner\AndroidManifest.xml
INJECTED from AndroidApplication\notification_banner\AndroidManifest.xml
INJECTED from AndroidApplication\notification_banner\AndroidManifest.xml
INJECTED from AndroidApplication\notification_banner\AndroidManifest.xml
	android:targetSdkVersion
		INJECTED from AndroidApplication\notification_banner\AndroidManifest.xml
		ADDED from AndroidApplication\notification_banner\AndroidManifest.xml
		INJECTED from AndroidApplication\notification_banner\AndroidManifest.xml
	android:minSdkVersion
		INJECTED from AndroidApplication\notification_banner\AndroidManifest.xml
		ADDED from AndroidApplication\notification_banner\AndroidManifest.xml
		INJECTED from AndroidApplication\notification_banner\AndroidManifest.xml